<?xml version="1.0" encoding="UTF-8"?>
<!-- Generated by org.testng.reporters.JUnitXMLReporter -->
<testsuite hostname="DESKTOP-LLLGMOJ" failures="1" tests="6" name="Test" time="78.591" errors="0" timestamp="23 May 2023 15:50:07 GMT">
  <testcase classname="runner.TestRunner" name="runScenario" time="13.563"/>
  <testcase classname="runner.TestRunner" name="runScenario" time="37.699"/>
  <testcase classname="runner.TestRunner" name="runScenario" time="12.623"/>
  <testcase classname="runner.TestRunner" name="runScenario" time="0.013"/>
  <testcase classname="runner.TestRunner" name="runScenario" time="0.018"/>
  <testcase classname="runner.TestRunner" name="runScenario" time="76.128">
    <failure type="java.lang.ClassCastException" message="class runner.TestRunner cannot be cast to class utilities.SeleniumUtility (runner.TestRunner and utilities.SeleniumUtility are in unnamed module of loader &amp;apos;app&amp;apos;)">
      <![CDATA[java.lang.ClassCastException: class runner.TestRunner cannot be cast to class utilities.SeleniumUtility (runner.TestRunner and utilities.SeleniumUtility are in unnamed module of loader 'app')
	at utilities.Retry.extendReportsFailOperations(Retry.java:33)
	at utilities.Retry.retry(Retry.java:22)
... Removed 20 stack frames]]>
    </failure>
  </testcase> <!-- runScenario -->
</testsuite> <!-- Test -->
