<?xml version="1.0" encoding="UTF-8"?>
<testng-results total="1" passed="1" failed="0" skipped="0">
  <reporter-output>
  </reporter-output>
  <suite started-at="2023-05-15T16:33:50Z" name="Default suite" finished-at="2023-05-15T16:34:01Z" duration-ms="10377">
    <groups>
      <group name="cucumber">
        <method signature="AbstractTestNGCucumberTests.runScenario(io.cucumber.testng.PickleWrapper, io.cucumber.testng.FeatureWrapper)[pri:0, instance:runner.TestRunner@35841320]" name="runScenario" class="io.cucumber.testng.AbstractTestNGCucumberTests"/>
      </group> <!-- cucumber -->
    </groups>
    <test started-at="2023-05-15T16:33:50Z" name="Default test" finished-at="2023-05-15T16:34:01Z" duration-ms="10377">
      <class name="runner.TestRunner">
        <test-method is-config="true" signature="setUpClass()[pri:0, instance:runner.TestRunner@35841320]" started-at="2023-05-15T22:03:50Z" name="setUpClass" finished-at="2023-05-15T22:03:51Z" duration-ms="886" status="PASS">
          <reporter-output>
          </reporter-output>
        </test-method> <!-- setUpClass -->
        <test-method signature="runScenario(io.cucumber.testng.PickleWrapper, io.cucumber.testng.FeatureWrapper)[pri:0, instance:runner.TestRunner@35841320]" started-at="2023-05-15T22:03:51Z" name="runScenario" description="Runs Cucumber Scenarios" data-provider="scenarios" finished-at="2023-05-15T22:03:59Z" duration-ms="7935" status="PASS">
          <params>
            <param index="0">
              <value>
                <![CDATA["Verify Login page components"]]>
              </value>
            </param>
            <param index="1">
              <value>
                <![CDATA["Optional[As user, I want to verify OrangeHRM login page functionaliy]"]]>
              </value>
            </param>
          </params>
          <reporter-output>
          </reporter-output>
        </test-method> <!-- runScenario -->
        <test-method is-config="true" signature="tearDownClass()[pri:0, instance:runner.TestRunner@35841320]" started-at="2023-05-15T22:03:59Z" name="tearDownClass" finished-at="2023-05-15T22:04:01Z" duration-ms="1472" status="PASS">
          <reporter-output>
          </reporter-output>
        </test-method> <!-- tearDownClass -->
      </class> <!-- runner.TestRunner -->
    </test> <!-- Default test -->
  </suite> <!-- Default suite -->
</testng-results>
